app/seeds.txt
com.jiangxk.zhengyuansmallclassroom.model.UserModel: int component9()
com.jiangxk.zhengyuansmallclassroom.ui.activity.manager.ManagerUserActivity: ManagerUserActivity()
com.jiangxk.zhengyuansmallclassroom.model.Stats: com.jiangxk.zhengyuansmallclassroom.model.Stats copy$default(com.jiangxk.zhengyuansmallclassroom.model.Stats,int,int,java.lang.Object)
com.jiangxk.zhengyuansmallclassroom.R$id: int outline
com.jiangxk.zhengyuansmallclassroom.R$id: int action_menu_presenter
com.jiangxk.zhengyuansmallclassroom.R$id: int action_bar_spinner
com.jiangxk.zhengyuansmallclassroom.ui.activity.course.CourseVideoPlayerActivity
com.jiangxk.zhengyuansmallclassroom.model.DailyLog: java.lang.String platform
com.jiangxk.zhengyuansmallclassroom.R$id: int parallax
com.jiangxk.zhengyuansmallclassroom.model.NodeLimitModel: int getSubjectId()
com.jiangxk.zhengyuansmallclassroom.model.UpdateResultModel: int hashCode()
com.jiangxk.zhengyuansmallclassroom.model.NodeModel: int getNodeId()
com.jiangxk.zhengyuansmallclassroom.R$id: int small_id
com.jiangxk.zhengyuansmallclassroom.model.CourseModel: int component3()
com.jiangxk.zhengyuansmallclassroom.model.ChapterModel: int component4()
com.jiangxk.zhengyuansmallclassroom.model.UserParameter: java.lang.String getProvince()
com.jiangxk.zhengyuansmallclassroom.model.ParameterModel: int getSubjectId()
com.jiangxk.zhengyuansmallclassroom.model.GradeModel: java.lang.String component1()
com.jiangxk.zhengyuansmallclassroom.model.UpdateModel: int getFilesSize()
com.jiangxk.zhengyuansmallclassroom.R$id: int rl_update
com.jiangxk.zhengyuansmallclassroom.R$id: int accessibility_custom_action_12
com.jiangxk.zhengyuansmallclassroom.model.ChapterModel: java.lang.String getChapterName()
com.jiangxk.zhengyuansmallclassroom.model.LearningLogModel: java.lang.String _id
com.jiangxk.zhengyuansmallclassroom.R$id: int iv_line
com.jiangxk.zhengyuansmallclassroom.model.DailyLog: long duration
com.jiangxk.zhengyuansmallclassroom.model.ParameterModel: void setLearningDuration(long)
com.jiangxk.zhengyuansmallclassroom.R$id: int duration_progressbar
com.jiangxk.zhengyuansmallclassroom.R$id: int accessibility_custom_action_8
com.jiangxk.zhengyuansmallclassroom.model.UserModel: java.lang.String getPhoneNumber()
com.jiangxk.zhengyuansmallclassroom.model.ParameterModel: java.lang.String getOpenId()
com.jiangxk.zhengyuansmallclassroom.model.DailyLog: java.lang.String getPlatform()
com.jiangxk.zhengyuansmallclassroom.ui.fragment.home.HomeViewModel: HomeViewModel()
com.jiangxk.zhengyuansmallclassroom.model.UserModel: int component17()
com.jiangxk.zhengyuansmallclassroom.R$id: int save_non_transition_alpha
com.jiangxk.zhengyuansmallclassroom.model.ParameterModel: java.lang.String component2()
com.jiangxk.zhengyuansmallclassroom.R$id: int accessibility_custom_action_13
com.jiangxk.zhengyuansmallclassroom.model.SubjectModel: java.lang.String component7()
com.jiangxk.zhengyuansmallclassroom.R$id: int split_action_bar
com.jiangxk.zhengyuansmallclassroom.model.ChapterModel: int status
com.jiangxk.zhengyuansmallclassroom.R$id: int textSpacerNoTitle
com.jiangxk.zhengyuansmallclassroom.R$id: int transition_position
com.jiangxk.zhengyuansmallclassroom.model.UserModel: int getGender()
com.jiangxk.zhengyuansmallclassroom.R$id: int top
com.jiangxk.zhengyuansmallclassroom.model.UserParameter: java.lang.String getPassword()
com.jiangxk.zhengyuansmallclassroom.model.UpdateModel: java.lang.String downloadUrl
com.jiangxk.zhengyuansmallclassroom.model.LearningLogModel: int userId
com.jiangxk.zhengyuansmallclassroom.model.LearningTotalDurationModel: long totalLearningDuration
com.jiangxk.zhengyuansmallclassroom.model.ParameterModel: ParameterModel(int,java.lang.String,java.lang.String,java.lang.String,int,java.lang.String,int,java.lang.String,int,java.lang.String,int,java.lang.String,int,java.lang.String,java.lang.String,long)
com.jiangxk.zhengyuansmallclassroom.model.UpdateModel: java.lang.String component4()
...
androidx.recyclerview.widget.RecyclerView: boolean startNestedScroll(int)
androidx.appcompat.R$attr: int paddingStart
androidx.appcompat.R$layout: int notification_action_tombstone
com.tencent.bugly.crashreport.crash.d: com.tencent.bugly.crashreport.common.strategy.a b
androidx.loader.content.ModernAsyncTask$Status: androidx.loader.content.ModernAsyncTask$Status[] values()
com.google.android.material.R$dimen: int notification_action_text_size
com.google.android.material.R$id: int textinput_helper_text
com.tencent.bugly.proguard.y: int p
com.google.android.material.chip.Chip: void setCloseIconTintResource(int)
com.shuyu.gsyvideoplayer.video.base.GSYVideoView: void setOverrideExtension(java.lang.String)
com.shuyu.gsyvideoplayer.R$id: int accessibility_custom_action_20
com.tencent.bugly.crashreport.crash.CrashDetailBean: int t
androidx.appcompat.R$attr: int thickness
com.google.android.material.R$layout: int abc_action_menu_item_layout
com.google.android.material.R$color: int highlighted_text_material_light
com.tencent.bugly.BuglyStrategy: boolean o
com.jiangxk.common.R$id: int ad_small_id
com.github.jdsjlzx.R$style: int Base_Theme_AppCompat_Light_Dialog_Alert
androidx.recyclerview.widget.RecyclerView: androidx.recyclerview.widget.RecyclerViewAccessibilityDelegate getCompatAccessibilityDelegate()
androidx.appcompat.R$id: int action_bar
androidx.appcompat.R$drawable: int abc_scrubber_control_to_pressed_mtrl_005
androidx.appcompat.R$style: int Theme_AppCompat_Light
com.tencent.bugly.proguard.ap
com.shuyu.gsyvideoplayer.render.view.GSYTextureView: void setRenderMode(int)
com.roughike.bottombar.R$attr: int buttonBarNeutralButtonStyle
com.shuyu.gsyvideoplayer.R$id: int accessibility_custom_action_16
androidx.appcompat.R$id: int tag_unhandled_key_listeners
androidx.appcompat.R$dimen: int tooltip_corner_radius
com.roughike.bottombar.R$dimen: int item_touch_helper_max_drag_scroll_per_frame
androidx.appcompat.R$drawable: int abc_textfield_default_mtrl_alpha
androidx.recyclerview.widget.RecyclerView: void animateChange(androidx.recyclerview.widget.RecyclerView$ViewHolder,androidx.recyclerview.widget.RecyclerView$ViewHolder,androidx.recyclerview.widget.RecyclerView$ItemAnimator$ItemHolderInfo,androidx.recyclerview.widget.RecyclerView$ItemAnimator$ItemHolderInfo,boolean,boolean)
androidx.appcompat.R$style: int Base_DialogWindowTitle_AppCompat
com.roughike.bottombar.R$styleable: int SnackbarLayout_android_maxWidth
tv.danmaku.ijk.media.player.IjkMediaPlayer: void native_message_loop(java.lang.Object)
androidx.appcompat.widget.SwitchCompat: int getCompoundPaddingRight()
com.tencent.bugly.crashreport.crash.jni.a: com.tencent.bugly.crashreport.crash.b b
androidx.appcompat.R$styleable: int AppCompatTheme_actionBarItemBackground
com.shuyu.gsyvideoplayer.R$styleable: int AppCompatTheme_actionModeBackground
com.shuyu.gsyvideoplayer.R$id: int text2
com.google.android.material.R$animator: int mtrl_fab_show_motion_spec
com.github.jdsjlzx.R$styleable: int MenuItem_android_onClick
androidx.navigation.fragment.R$styleable: int FontFamilyFont_android_fontWeight
com.google.android.material.R$animator: int design_fab_hide_motion_spec
com.google.android.flexbox.FlexboxLayout: void setDividerDrawable(android.graphics.drawable.Drawable)
androidx.transition.R$id: int tag_unhandled_key_listeners
com.github.jdsjlzx.R$styleable: int TabLayout_tabTextAppearance
com.shuyu.gsyvideoplayer.video.base.GSYVideoView: void setReleaseWhenLossAudio(boolean)
com.github.jdsjlzx.R$style: int Base_DialogWindowTitle_AppCompat
com.shuyu.gsyvideoplayer.R$id: int parentPanel
com.google.android.material.R$id: int unchecked
com.tencent.bugly.proguard.ao: java.util.ArrayList b
com.tencent.bugly.crashreport.crash.b: com.tencent.bugly.BuglyStrategy$a g
com.google.android.material.R$styleable: int AppCompatTheme_colorPrimary
com.shuyu.gsyvideoplayer.video.base.GSYBaseVideoPlayer: void setFullHideActionBar(boolean)
androidx.appcompat.R$dimen: int abc_action_bar_default_height_material