app/mapping.txt
# compiler: R8
# compiler_version: 1.5.69
# min_api: 21
# pg_map_id: 39b9194
com.jiangxk.zhengyuansmallclassroom.R$id -> g.g.d.a:
com.jiangxk.zhengyuansmallclassroom.application.ClassroomApplication -> com.jiangxk.zhengyuansmallclassroom.application.ClassroomApplication:
    void initBugly() -> f
com.jiangxk.zhengyuansmallclassroom.injection.component.CalligraphyCourseListComponent -> g.g.d.b.a.a:
    void inject(com.jiangxk.zhengyuansmallclassroom.ui.activity.course.CalligraphyCourseListActivity) -> a
com.jiangxk.zhengyuansmallclassroom.injection.component.ChapterPageComponent -> g.g.d.b.a.b:
    void inject(com.jiangxk.zhengyuansmallclassroom.ui.activity.course.ChapterPageActivity) -> a
com.jiangxk.zhengyuansmallclassroom.injection.component.CourseListPageComponent -> g.g.d.b.a.c:
    void inject(com.jiangxk.zhengyuansmallclassroom.ui.activity.course.CourseListPageActivity) -> a
com.jiangxk.zhengyuansmallclassroom.injection.component.CourseVideoPlayerComponent -> g.g.d.b.a.d:
    void inject(com.jiangxk.zhengyuansmallclassroom.ui.activity.course.CourseVideoPlayerActivity) -> a
com.jiangxk.zhengyuansmallclassroom.injection.component.DaggerCalligraphyCourseListComponent -> g.g.d.b.a.e:
    com.jiangxk.zhengyuansmallclassroom.injection.module.CalligraphyCourseListModule calligraphyCourseListModule -> a
    com.jiangxk.zhengyuansmallclassroom.mvp.presenter.course.CalligraphyCourseListPresenter getCalligraphyCourseListPresenter() -> a
    void initialize(com.jiangxk.zhengyuansmallclassroom.injection.component.DaggerCalligraphyCourseListComponent$Builder) -> a
    void inject(com.jiangxk.zhengyuansmallclassroom.ui.activity.course.CalligraphyCourseListActivity) -> a
    com.jiangxk.zhengyuansmallclassroom.mvp.presenter.course.CalligraphyCourseListPresenter injectCalligraphyCourseListPresenter(com.jiangxk.zhengyuansmallclassroom.mvp.presenter.course.CalligraphyCourseListPresenter) -> a
    com.jiangxk.zhengyuansmallclassroom.injection.component.DaggerCalligraphyCourseListComponent$Builder builder() -> b
    com.jiangxk.zhengyuansmallclassroom.ui.activity.course.CalligraphyCourseListActivity injectCalligraphyCourseListActivity(com.jiangxk.zhengyuansmallclassroom.ui.activity.course.CalligraphyCourseListActivity) -> b
com.jiangxk.zhengyuansmallclassroom.injection.component.DaggerCalligraphyCourseListComponent$1 -> g.g.d.b.a.e$a:
com.jiangxk.zhengyuansmallclassroom.injection.component.DaggerCalligraphyCourseListComponent$Builder -> g.g.d.b.a.e$b:
    com.jiangxk.common.injection.component.ActivityComponent activityComponent -> b
    com.jiangxk.zhengyuansmallclassroom.injection.module.CalligraphyCourseListModule calligraphyCourseListModule -> a
    com.jiangxk.zhengyuansmallclassroom.injection.module.CalligraphyCourseListModule access$100(com.jiangxk.zhengyuansmallclassroom.injection.component.DaggerCalligraphyCourseListComponent$Builder) -> a
    com.jiangxk.zhengyuansmallclassroom.injection.component.DaggerCalligraphyCourseListComponent$Builder activityComponent(com.jiangxk.common.injection.component.ActivityComponent) -> a
    com.jiangxk.zhengyuansmallclassroom.injection.component.CalligraphyCourseListComponent build() -> a
    com.jiangxk.zhengyuansmallclassroom.injection.component.DaggerCalligraphyCourseListComponent$Builder calligraphyCourseListModule(com.jiangxk.zhengyuansmallclassroom.injection.module.CalligraphyCourseListModule) -> a
...
kotlin.reflect.jvm.internal.impl.serialization.deserialization.descriptors.DeserializedMemberScope -> l.j0.u.c.m0.k.b.g0.h:
    java.util.Map functionProtosBytes -> b
    kotlin.reflect.jvm.internal.impl.serialization.deserialization.DeserializationContext c -> k
    java.util.Map propertyProtosBytes -> c
    java.util.Map typeAliasBytes -> d
    kotlin.reflect.jvm.internal.impl.storage.MemoizedFunctionToNullable typeAliasByName -> g
    kotlin.reflect.jvm.internal.impl.storage.MemoizedFunctionToNotNull functions -> e
    kotlin.reflect.jvm.internal.impl.storage.NotNullLazyValue variableNamesLazy$delegate -> i
    kotlin.reflect.jvm.internal.impl.storage.MemoizedFunctionToNotNull properties -> f
    kotlin.reflect.jvm.internal.impl.storage.NotNullLazyValue classNames$delegate -> j
    kotlin.reflect.KProperty[] $$delegatedProperties -> l
    kotlin.reflect.jvm.internal.impl.storage.NotNullLazyValue functionNamesLazy$delegate -> h
    java.util.Collection access$computeFunctions(kotlin.reflect.jvm.internal.impl.serialization.deserialization.descriptors.DeserializedMemberScope,kotlin.reflect.jvm.internal.impl.name.Name) -> a
    kotlin.reflect.jvm.internal.impl.serialization.deserialization.DeserializationContext access$getC$p(kotlin.reflect.jvm.internal.impl.serialization.deserialization.descriptors.DeserializedMemberScope) -> a
    void addEnumEntryDescriptors(java.util.Collection,kotlin.jvm.functions.Function1) -> a
kotlin.reflect.jvm.internal.impl.serialization.deserialization.descriptors.DeserializedMemberScope$classNames$2 -> l.j0.u.c.m0.k.b.g0.h$a:
    kotlin.jvm.functions.Function0 $classNames -> f
kotlin.reflect.jvm.internal.impl.serialization.deserialization.descriptors.DeserializedMemberScope$computeDescriptors$$inlined$let$lambda$1 -> l.j0.u.c.m0.k.b.g0.h$b:
    kotlin.reflect.jvm.internal.impl.serialization.deserialization.descriptors.DeserializedMemberScope this$0 -> g
    kotlin.reflect.jvm.internal.impl.protobuf.Parser $parser$inlined -> h
    java.io.ByteArrayInputStream $inputStream -> f
kotlin.reflect.jvm.internal.impl.serialization.deserialization.descriptors.DeserializedMemberScope$computeDescriptors$$inlined$let$lambda$3 -> l.j0.u.c.m0.k.b.g0.h$c:
    kotlin.reflect.jvm.internal.impl.serialization.deserialization.descriptors.DeserializedMemberScope this$0 -> g
    kotlin.reflect.jvm.internal.impl.protobuf.Parser $parser$inlined -> h
    java.io.ByteArrayInputStream $inputStream -> f
kotlin.reflect.jvm.internal.impl.serialization.deserialization.descriptors.DeserializedMemberScope$functionNamesLazy$2 -> l.j0.u.c.m0.k.b.g0.h$d:
    kotlin.reflect.jvm.internal.impl.serialization.deserialization.descriptors.DeserializedMemberScope this$0 -> f
kotlin.reflect.jvm.internal.impl.serialization.deserialization.descriptors.DeserializedMemberScope$functions$1 -> l.j0.u.c.m0.k.b.g0.h$e:
    kotlin.reflect.jvm.internal.impl.serialization.deserialization.descriptors.DeserializedMemberScope this$0 -> f
    java.lang.Object invoke(java.lang.Object) -> a
    java.util.Collection invoke(kotlin.reflect.jvm.internal.impl.name.Name) -> a
kotlin.reflect.jvm.internal.impl.serialization.deserialization.descriptors.DeserializedMemberScope$properties$1 -> l.j0.u.c.m0.k.b.g0.h$f:
    kotlin.reflect.jvm.internal.impl.serialization.deserialization.descriptors.DeserializedMemberScope this$0 -> f
    java.lang.Object invoke(java.lang.Object) -> a
    java.util.Collection invoke(kotlin.reflect.jvm.internal.impl.name.Name) -> a
kotlin.reflect.jvm.internal.impl.serialization.deserialization.descriptors.DeserializedMemberScope$typeAliasByName$1 -> l.j0.u.c.m0.k.b.g0.h$g:
    kotlin.reflect.jvm.internal.impl.serialization.deserialization.descriptors.DeserializedMemberScope this$0 -> f
    java.lang.Object invoke(java.lang.Object) -> a
    kotlin.reflect.jvm.internal.impl.descriptors.TypeAliasDescriptor invoke(kotlin.reflect.jvm.internal.impl.name.Name) -> a