app/unused.txt
com.jiangxk.zhengyuansmallclassroom.ui.activity.course.ChapterPageActivity
    public static final synthetic void access$setChapterAdapter$p(com.jiangxk.zhengyuansmallclassroom.ui.activity.course.ChapterPageActivity,com.jiangxk.zhengyuansmallclassroom.ui.adapter.ChapterPageAdapter)
    public static final synthetic void access$setStatus$p(com.jiangxk.zhengyuansmallclassroom.ui.activity.course.ChapterPageActivity,int)
    public static final synthetic void access$setParameterModel$p(com.jiangxk.zhengyuansmallclassroom.ui.activity.course.ChapterPageActivity,com.jiangxk.zhengyuansmallclassroom.model.ParameterModel)
    public static final synthetic void access$setUserId$p(com.jiangxk.zhengyuansmallclassroom.ui.activity.course.ChapterPageActivity,int)
    public void _$_clearFindViewByIdCache()
com.jiangxk.zhengyuansmallclassroom.injection.module.NodePageModule_ProvideCourseRepositoryFactory
    public void <init>(com.jiangxk.zhengyuansmallclassroom.injection.module.NodePageModule)
    public static com.jiangxk.zhengyuansmallclassroom.repository.course.CourseRepository provideInstance(com.jiangxk.zhengyuansmallclassroom.injection.module.NodePageModule)
    public static com.jiangxk.zhengyuansmallclassroom.injection.module.NodePageModule_ProvideCourseRepositoryFactory create(com.jiangxk.zhengyuansmallclassroom.injection.module.NodePageModule)
    public com.jiangxk.zhengyuansmallclassroom.repository.course.CourseRepository get()
    public synthetic bridge java.lang.Object get()
    private final com.jiangxk.zhengyuansmallclassroom.injection.module.NodePageModule module
com.jiangxk.zhengyuansmallclassroom.injection.module.LearningOrderModule_ProvideUserRepositoryFactory
    public void <init>(com.jiangxk.zhengyuansmallclassroom.injection.module.LearningOrderModule)
    public static com.jiangxk.zhengyuansmallclassroom.repository.user.UserRepository provideInstance(com.jiangxk.zhengyuansmallclassroom.injection.module.LearningOrderModule)
    public static com.jiangxk.zhengyuansmallclassroom.injection.module.LearningOrderModule_ProvideUserRepositoryFactory create(com.jiangxk.zhengyuansmallclassroom.injection.module.LearningOrderModule)
    public com.jiangxk.zhengyuansmallclassroom.repository.user.UserRepository get()
    public synthetic bridge java.lang.Object get()
    private final com.jiangxk.zhengyuansmallclassroom.injection.module.LearningOrderModule module
com.jiangxk.zhengyuansmallclassroom.injection.module.LimitCoursePageModule_ProvideViewFactory
    public void <init>(com.jiangxk.zhengyuansmallclassroom.injection.module.LimitCoursePageModule)
    public static com.jiangxk.zhengyuansmallclassroom.mvp.contract.manager.LimitCoursePageContract$View provideInstance(com.jiangxk.zhengyuansmallclassroom.injection.module.LimitCoursePageModule)
    public static com.jiangxk.zhengyuansmallclassroom.injection.module.LimitCoursePageModule_ProvideViewFactory create(com.jiangxk.zhengyuansmallclassroom.injection.module.LimitCoursePageModule)
    public com.jiangxk.zhengyuansmallclassroom.mvp.contract.manager.LimitCoursePageContract$View get()
    public synthetic bridge java.lang.Object get()
    private final com.jiangxk.zhengyuansmallclassroom.injection.module.LimitCoursePageModule module
com.jiangxk.zhengyuansmallclassroom.mvp.contract.manager.LimitCoursePageContract$Presenter
    public abstract void getLimitCourseList(java.lang.String,int)
    public abstract void modifyLimitByUser(int,java.lang.String,int,int,int,int,int,int)
com.jiangxk.zhengyuansmallclassroom.ui.activity.login.LoginActivity
    public void _$_clearFindViewByIdCache()
com.jiangxk.zhengyuansmallclassroom.mvp.presenter.manager.ManagerUserPresenter_MembersInjector
...
androidx.navigation.fragment.ktx.R$styleable
io.reactivex.internal.operators.maybe.MaybeTakeUntilMaybe$TakeUntilMainMaybeObserver
com.github.jdsjlzx.R$integer
kotlinx.coroutines.channels.ReceiveChannel
androidx.lifecycle.extensions.R$color
io.reactivex.internal.operators.flowable.FlowableElementAt
kotlin.collections.ArraysKt___ArraysKt$asSequence$$inlined$Sequence$6
io.reactivex.internal.operators.flowable.FlowableTakeUntilPredicate$InnerSubscriber
androidx.transition.ViewGroupUtilsApi14
    private void <init>()
    private static final java.lang.String TAG
    private static final int LAYOUT_TRANSITION_CHANGING
kotlin.jdk7.AutoCloseableKt
kotlin.LazyKt__LazyKt
    private static final java.lang.Object getValue(kotlin.Lazy,java.lang.Object,kotlin.reflect.KProperty)
    public void <init>()
com.shuyu.gsyvideoplayer.lib.R$styleable
io.reactivex.internal.operators.flowable.FlowableReplay$Node
kotlinx.coroutines.channels.ReceiveOrClosed
com.google.android.material.internal.TextDrawableHelper
    public boolean isTextWidthDirty()
io.reactivex.internal.operators.flowable.FlowableDoOnLifecycle$SubscriptionLambdaSubscriber
javax.script.ScriptEngineManager
com.github.kittinunf.fuel.core.DeserializableKt$response$asyncRequest$2$1$1$1
androidx.appcompat.app.ToolbarActionBar$1
com.jiangxk.common.ui.dialog.CommonListDialogFragment$Builder
    public final void setTitle$common_release(java.lang.CharSequence)
    public final void setTitleColor$common_release(int)
    public final void setCancel$common_release(java.lang.CharSequence)
    public final void setCancelColor$common_release(int)
    public final void setListener$common_release(com.jiangxk.common.ui.dialog.CommonListDialogFragment$OnItemClickListener)
    public final void setAdapter$common_release(com.jiangxk.common.ui.adapter.BaseAdapter)
    public final com.jiangxk.common.ui.dialog.CommonListDialogFragment$Builder titleColor(int)
    public final com.jiangxk.common.ui.dialog.CommonListDialogFragment$Builder cancel(java.lang.CharSequence)
    public final com.jiangxk.common.ui.dialog.CommonListDialogFragment$Builder cancelColor(int)
org.jetbrains.anko.AnkoContextImpl
com.jiangxk.common.R$drawable
    private void <init>()
com.google.gson.internal.$Gson$Types$WildcardTypeImpl
    private static final long serialVersionUID
com.google.gson.internal.bind.TreeTypeAdapter$GsonContextImpl
    public com.google.gson.JsonElement serialize(java.lang.Object)
    public com.google.gson.JsonElement serialize(java.lang.Object,java.lang.reflect.Type)
    public java.lang.Object deserialize(com.google.gson.JsonElement,java.lang.reflect.Type)
com.google.android.exoplayer2.extractor.mp3.XingSeeker
    private static final java.lang.String TAG
androidx.core.util.RangeKt$toClosedRange$1
com.jiangxk.common.injection.module.AppModule_ProvideContextFactory
    public static android.content.Context provideInstance(com.jiangxk.common.injection.module.AppModule)
    public static android.content.Context proxyProvideContext(com.jiangxk.common.injection.module.AppModule)
    public android.content.Context get()
    public synthetic bridge java.lang.Object get()
tv.danmaku.ijk.media.exo2.Exo2PlayerManager
kotlin.coroutines.experimental.migration.ExperimentalSuspendFunction2Migration
org.mozilla.javascript.RefCallable
okhttp3.internal.platform.BouncyCastlePlatform
    public javax.net.ssl.X509TrustManager trustManager(javax.net.ssl.SSLSocketFactory)
org.mozilla.javascript.Node